C:\Program Files (x86)\Microsoft Visual Studio\2017\Community\Common7\IDE\VC\VCTargets\Microsoft.CppBuild.targets(387,5): warning MSB8028: The intermediate directory (Debug\) contains files shared from another project (psychteapot.vcxproj).  This can lead to incorrect clean and rebuild behavior.
  MicroGlut.c
c:\users\admin\onedrive\dokument\skola\universitetet\global illumination and rendering\raytracer project\common\windows\microglut.c(218): warning C4133: 'function': incompatible types - from 'char [9]' to 'LPCWSTR'
c:\users\admin\onedrive\dokument\skola\universitetet\global illumination and rendering\raytracer project\common\windows\microglut.c(372): warning C4047: 'function': 'LPWORD' differs in levels of indirection from 'unsigned char (*)[2]'
c:\users\admin\onedrive\dokument\skola\universitetet\global illumination and rendering\raytracer project\common\windows\microglut.c(372): warning C4024: 'ToAsciiEx': different types for formal and actual parameter 4
c:\users\admin\onedrive\dokument\skola\universitetet\global illumination and rendering\raytracer project\common\windows\microglut.c(538): warning C4133: '=': incompatible types - from 'char [9]' to 'LPCWSTR'
c:\users\admin\onedrive\dokument\skola\universitetet\global illumination and rendering\raytracer project\common\windows\microglut.c(541): warning C4013: 'main' undefined; assuming extern returning int
c:\users\admin\onedrive\dokument\skola\universitetet\global illumination and rendering\raytracer project\common\windows\microglut.c(719): warning C4101: 'windowHDC': unreferenced local variable
  glew.c
  VectorUtils3.c
c:\users\admin\onedrive\dokument\skola\universitetet\global illumination and rendering\raytracer project\common\vectorutils3.c(714): warning C4244: 'function': conversion from 'double' to 'float', possible loss of data
c:\users\admin\onedrive\dokument\skola\universitetet\global illumination and rendering\raytracer project\common\vectorutils3.c(717): warning C4244: 'function': conversion from 'double' to 'float', possible loss of data
c:\users\admin\onedrive\dokument\skola\universitetet\global illumination and rendering\raytracer project\common\vectorutils3.c(722): warning C4244: 'function': conversion from 'double' to 'float', possible loss of data
  GL_utilities.c
c:\users\admin\onedrive\dokument\skola\universitetet\global illumination and rendering\raytracer project\common\gl_utilities.c(221): warning C4996: 'strcpy': This function or variable may be unsafe. Consider using strcpy_s instead. To disable deprecation, use _CRT_SECURE_NO_WARNINGS. See online help for details.
  c:\program files (x86)\windows kits\10\include\10.0.16299.0\ucrt\string.h(132): note: see declaration of 'strcpy'
  Generating Code...
  Raytracer.cpp
c:\users\admin\onedrive\dokument\skola\universitetet\global illumination and rendering\raytracer project\common\vectorutils3.h(71): warning C4190: 'SetVector' has C-linkage specified, but returns UDT 'vec3' which is incompatible with C
  c:\users\admin\onedrive\dokument\skola\universitetet\global illumination and rendering\raytracer project\common\vectorutils3.h(34): note: see declaration of 'vec3'
c:\users\admin\onedrive\dokument\skola\universitetet\global illumination and rendering\raytracer project\common\vectorutils3.h(73): warning C4190: 'VectorSub' has C-linkage specified, but returns UDT 'vec3' which is incompatible with C
  c:\users\admin\onedrive\dokument\skola\universitetet\global illumination and rendering\raytracer project\common\vectorutils3.h(34): note: see declaration of 'vec3'
c:\users\admin\onedrive\dokument\skola\universitetet\global illumination and rendering\raytracer project\common\vectorutils3.h(74): warning C4190: 'VectorAdd' has C-linkage specified, but returns UDT 'vec3' which is incompatible with C
  c:\users\admin\onedrive\dokument\skola\universitetet\global illumination and rendering\raytracer project\common\vectorutils3.h(34): note: see declaration of 'vec3'
c:\users\admin\onedrive\dokument\skola\universitetet\global illumination and rendering\raytracer project\common\vectorutils3.h(75): warning C4190: 'CrossProduct' has C-linkage specified, but returns UDT 'vec3' which is incompatible with C
  c:\users\admin\onedrive\dokument\skola\universitetet\global illumination and rendering\raytracer project\common\vectorutils3.h(34): note: see declaration of 'vec3'
c:\users\admin\onedrive\dokument\skola\universitetet\global illumination and rendering\raytracer project\common\vectorutils3.h(77): warning C4190: 'ScalarMult' has C-linkage specified, but returns UDT 'vec3' which is incompatible with C
  c:\users\admin\onedrive\dokument\skola\universitetet\global illumination and rendering\raytracer project\common\vectorutils3.h(34): note: see declaration of 'vec3'
c:\users\admin\onedrive\dokument\skola\universitetet\global illumination and rendering\raytracer project\common\vectorutils3.h(79): warning C4190: 'Normalize' has C-linkage specified, but returns UDT 'vec3' which is incompatible with C
  c:\users\admin\onedrive\dokument\skola\universitetet\global illumination and rendering\raytracer project\common\vectorutils3.h(34): note: see declaration of 'vec3'
c:\users\admin\onedrive\dokument\skola\universitetet\global illumination and rendering\raytracer project\common\vectorutils3.h(80): warning C4190: 'CalcNormalVector' has C-linkage specified, but returns UDT 'vec3' which is incompatible with C
  c:\users\admin\onedrive\dokument\skola\universitetet\global illumination and rendering\raytracer project\common\vectorutils3.h(34): note: see declaration of 'vec3'
c:\users\admin\onedrive\dokument\skola\universitetet\global illumination and rendering\raytracer project\common\vectorutils3.h(97): warning C4190: 'MultVec3' has C-linkage specified, but returns UDT 'vec3' which is incompatible with C
  c:\users\admin\onedrive\dokument\skola\universitetet\global illumination and rendering\raytracer project\common\vectorutils3.h(34): note: see declaration of 'vec3'
c:\users\admin\onedrive\dokument\skola\universitetet\global illumination and rendering\raytracer project\common\vectorutils3.h(98): warning C4190: 'MultVec4' has C-linkage specified, but returns UDT 'vec4' which is incompatible with C
  c:\users\admin\onedrive\dokument\skola\universitetet\global illumination and rendering\raytracer project\common\vectorutils3.h(47): note: see declaration of 'vec4'
c:\users\admin\onedrive\dokument\skola\universitetet\global illumination and rendering\raytracer project\common\vectorutils3.h(103): warning C4190: 'MultMat3Vec3' has C-linkage specified, but returns UDT 'vec3' which is incompatible with C
  c:\users\admin\onedrive\dokument\skola\universitetet\global illumination and rendering\raytracer project\common\vectorutils3.h(34): note: see declaration of 'vec3'
c:\users\admin\onedrive\dokument\skola\universitetet\global illumination and rendering\raytracer project\common\vectorutils3.h(136): warning C4190: 'vec4tovec3' has C-linkage specified, but returns UDT 'vec3' which is incompatible with C
  c:\users\admin\onedrive\dokument\skola\universitetet\global illumination and rendering\raytracer project\common\vectorutils3.h(34): note: see declaration of 'vec3'
c:\users\admin\onedrive\dokument\skola\universitetet\global illumination and rendering\raytracer project\common\vectorutils3.h(137): warning C4190: 'vec3tovec4' has C-linkage specified, but returns UDT 'vec4' which is incompatible with C
  c:\users\admin\onedrive\dokument\skola\universitetet\global illumination and rendering\raytracer project\common\vectorutils3.h(47): note: see declaration of 'vec4'
c:\users\admin\onedrive\dokument\skola\universitetet\global illumination and rendering\raytracer project\common\vectorutils3.h(174): warning C4244: 'argument': conversion from 'double' to 'GLfloat', possible loss of data
c:\users\admin\onedrive\dokument\skola\universitetet\global illumination and rendering\raytracer project\common\vectorutils3.h(180): warning C4244: 'argument': conversion from 'double' to 'GLfloat', possible loss of data
c:\users\admin\onedrive\dokument\skola\universitetet\global illumination and rendering\raytracer project\common\vectorutils3.h(186): warning C4244: 'argument': conversion from 'double' to 'GLfloat', possible loss of data
c:\users\admin\onedrive\dokument\skola\universitetet\global illumination and rendering\raytracer project\common\vectorutils3.h(237): warning C4244: 'argument': conversion from 'double' to 'GLfloat', possible loss of data
c:\users\admin\onedrive\dokument\skola\universitetet\global illumination and rendering\raytracer project\common\vectorutils3.h(243): warning C4244: 'argument': conversion from 'double' to 'GLfloat', possible loss of data
c:\users\admin\onedrive\dokument\skola\universitetet\global illumination and rendering\raytracer project\common\vectorutils3.h(249): warning C4244: 'argument': conversion from 'double' to 'GLfloat', possible loss of data
  psychteapot.vcxproj -> C:\Users\admin\OneDrive\Dokument\Skola\Universitetet\Global illumination and rendering\Raytracer Project\Debug\Raytracer.exe
